[2021-05-19T16:42:52.549] [INFO] app - Received request from 127.0.0.1 as 'max'
[2021-05-19T16:42:52.564] [INFO] app - User 'max' succesfully logged from 127.0.0.1
[2021-05-19T16:44:52.707] [WARN] app - Failed login for username: 'awd'
[2021-05-19T16:54:08.334] [INFO] app - Received request from 127.0.0.1 as 'awd'
[2021-05-19T16:54:08.344] [WARN] app - Failed login for username: 'awd'
[2021-05-19T16:56:03.905] [INFO] app - Received request from 127.0.0.1 as 'awd'
[2021-05-19T16:56:03.921] [WARN] app - Failed login for username: 'awd'
[2021-05-19T16:56:45.403] [INFO] app - Received request from 127.0.0.1 as 'awd'
[2021-05-19T16:56:45.409] [WARN] app - Failed login for username: 'awd'
[2021-05-19T16:57:10.532] [INFO] app - Received request from 127.0.0.1 as 'awd'
[2021-05-19T16:57:10.535] [WARN] app - Failed login for username: 'awd'
[2021-05-19T16:57:21.773] [INFO] app - Received request from 127.0.0.1 as 'awd'
[2021-05-19T16:57:21.775] [WARN] app - Failed login for username: 'awd'
[2021-05-19T16:57:41.091] [INFO] app - Received request from 127.0.0.1 as 'awd'
[2021-05-19T16:57:41.098] [WARN] app - Failed login for username: 'awd'
[2021-05-19T16:58:13.463] [WARN] app - Failed login for username: ''
[2021-05-19T16:58:35.872] [WARN] app - Failed login for username: ''
[2021-05-19T16:59:38.993] [WARN] app - Failed login for username: ''
[2021-05-19T17:00:02.735] [WARN] app - Failed login for username: ''
[2021-05-19T17:00:11.765] [WARN] app - Failed login for username: ''
[2021-05-19T17:00:23.850] [WARN] app - Failed login for username: ''
[2021-05-19T17:00:36.714] [WARN] app - Failed login for username: ''
[2021-05-19T17:01:00.817] [WARN] app - Failed login for username: ''
[2021-05-19T17:01:07.901] [WARN] app - Failed login for username: ''
[2021-05-19T17:02:30.132] [WARN] app - Failed login for username: ''
[2021-05-19T17:02:44.486] [WARN] app - Failed login for username: ''
[2021-05-19T17:03:09.802] [WARN] app - Failed login for username: ''
[2021-05-19T17:03:19.309] [WARN] app - Failed login for username: ''
[2021-05-19T17:04:51.759] [ERROR] app - [Error: SQLITE_ERROR: no such table: sers] {
  errno: 1,
  code: 'SQLITE_ERROR'
}
[2021-05-19T17:05:35.588] [ERROR] app - [Error: SQLITE_ERROR: no such table: sers] {
  errno: 1,
  code: 'SQLITE_ERROR'
}
[2021-05-19T17:07:10.706] [ERROR] app - [Error: SQLITE_ERROR: no such table: sers] {
  errno: 1,
  code: 'SQLITE_ERROR'
}
[2021-05-19T17:08:08.319] [ERROR] app - [Error: SQLITE_ERROR: no such table: sers] {
  errno: 1,
  code: 'SQLITE_ERROR'
}
[2021-05-19T17:08:17.277] [ERROR] app - [Error: SQLITE_ERROR: no such table: sers] {
  errno: 1,
  code: 'SQLITE_ERROR'
}
[2021-05-19T17:08:31.094] [WARN] app - Failed login for username: ''
[2021-05-19T17:08:45.268] [WARN] app - Failed login for username: ''
[2021-05-19T17:10:31.656] [INFO] app - Received request from 127.0.0.1 as 'max'
[2021-05-19T17:10:31.661] [INFO] app - User 'max' succesfully logged from 127.0.0.1
[2021-05-19T17:10:40.826] [INFO] app - Received request from 127.0.0.1 as 'artur'
[2021-05-19T17:10:40.828] [WARN] app - Failed login for username: 'artur'
[2021-05-19T17:10:48.490] [INFO] app - Received request from 127.0.0.1 as 'artur'
[2021-05-19T17:10:48.491] [WARN] app - Failed login for username: 'artur'
[2021-05-19T18:02:17.283] [WARN] app - Failed login for username: ''
[2021-05-19T18:17:01.868] [WARN] app - Failed login for username: ''
[2021-05-19T18:17:16.404] [WARN] app - Failed login for username: ''
[2021-05-19T18:18:09.077] [INFO] app - Received request from 127.0.0.1 as 'max'
[2021-05-19T18:18:09.080] [INFO] app - User 'max' succesfully logged from 127.0.0.1
[2021-05-19T18:20:11.980] [WARN] app - Failed login for username: ''
[2021-05-19T18:30:54.365] [WARN] app - Failed login for username: ''
[2021-05-19T18:32:16.946] [WARN] app - Failed login for username: ''
[2021-05-19T18:33:51.653] [WARN] app - Failed login for username: ''
[2021-05-19T18:35:21.076] [WARN] app - Failed login for username: ''
[2021-05-19T18:35:42.072] [WARN] app - Failed login for username: ''
[2021-05-19T18:36:02.091] [WARN] app - Failed login for username: ''
[2021-05-19T18:36:12.220] [WARN] app - Failed login for username: ''
[2021-05-19T18:36:53.130] [WARN] app - Failed login for username: ''
[2021-05-19T18:38:07.778] [WARN] app - Failed login for username: ''
[2021-05-19T18:38:15.954] [WARN] app - Failed login for username: ''
[2021-05-19T18:38:18.179] [WARN] app - Failed login for username: ''
[2021-05-19T18:38:30.038] [WARN] app - Failed login for username: ''
[2021-05-19T18:38:42.502] [WARN] app - Failed login for username: ''
[2021-05-19T18:38:43.926] [WARN] app - Failed login for username: ''
[2021-05-19T18:38:51.328] [WARN] app - Failed login for username: ''
[2021-05-19T18:39:43.151] [WARN] app - Failed login for username: ''
[2021-05-19T18:41:08.707] [WARN] app - Failed login for username: ''
[2021-05-19T18:41:17.132] [WARN] app - Failed login for username: ''
[2021-05-19T18:41:42.605] [WARN] app - Failed login for username: ''
[2021-05-19T18:41:52.506] [WARN] app - Failed login for username: ''
[2021-05-19T18:42:02.307] [WARN] app - Failed login for username: ''
[2021-05-19T18:42:10.618] [WARN] app - Failed login for username: ''
[2021-05-19T18:42:18.818] [WARN] app - Failed login for username: ''
[2021-05-19T18:42:29.743] [WARN] app - Failed login for username: ''
[2021-05-19T18:42:37.717] [WARN] app - Failed login for username: ''
[2021-05-19T18:42:50.241] [WARN] app - Failed login for username: ''
[2021-05-19T18:43:00.960] [WARN] app - Failed login for username: ''
[2021-05-19T18:43:08.304] [WARN] app - Failed login for username: ''
[2021-05-19T18:44:32.208] [INFO] app - Received request from 127.0.0.1 as 'max'
[2021-05-19T18:44:32.216] [INFO] app - User 'max' succesfully logged from 127.0.0.1
[2021-05-19T19:42:47.982] [WARN] app - Failed login for username: ''
[2021-05-19T19:43:01.065] [WARN] app - Failed login for username: '!@ ADAWD   '
[2021-05-19T19:44:13.647] [WARN] app - Failed login for username: ''
[2021-05-19T19:44:16.364] [INFO] app - Received request from 127.0.0.1 as 'awd'
[2021-05-19T19:44:16.364] [WARN] app - Failed login for username: 'awd'
[2021-05-19T19:44:28.289] [WARN] app - Failed login for username: ''
[2021-05-19T19:44:41.112] [WARN] app - Failed login for username: ''
[2021-05-19T19:44:49.620] [WARN] app - Failed login for username: ''
[2021-05-19T19:45:20.451] [WARN] app - Failed login for username: ''
[2021-05-19T19:45:47.791] [WARN] app - Failed login for username: ''
[2021-05-19T19:45:49.273] [WARN] app - Failed login for username: ''
[2021-05-19T19:45:59.956] [WARN] app - Failed login for username: 'awd'
[2021-05-19T19:46:03.001] [WARN] app - Failed login for username: ''
[2021-05-19T19:46:15.588] [WARN] app - Failed login for username: ''
[2021-05-19T19:46:21.101] [WARN] app - Failed login for username: ''
[2021-05-19T19:48:57.323] [INFO] app - Received request from 127.0.0.1 as 'awd'
[2021-05-19T19:48:57.326] [ERROR] app - [Error: SQLITE_ERROR: no such table: sers] {
  errno: 1,
  code: 'SQLITE_ERROR'
}
[2021-05-19T19:49:46.686] [INFO] app - Received request from 127.0.0.1 as 'awd'
[2021-05-19T19:49:46.688] [ERROR] app - [Error: SQLITE_ERROR: no such table: sers] {
  errno: 1,
  code: 'SQLITE_ERROR'
}
[2021-05-19T19:52:46.464] [INFO] app - Received request from 127.0.0.1 as 'max'
[2021-05-19T19:52:46.477] [INFO] app - User 'max' succesfully logged from 127.0.0.1
[2021-05-19T19:52:59.906] [WARN] app - Failed login for username: ''
[2021-05-19T19:55:46.853] [INFO] app - Received request from 127.0.0.1 as 'max'
[2021-05-19T19:55:46.860] [INFO] app - User 'max' succesfully logged from 127.0.0.1
